<?xml version="1.0" encoding="UTF-8"?>
<testng-results ignored="0" total="2" passed="2" failed="0" skipped="0">
  <reporter-output>
  </reporter-output>
  <suite started-at="2024-08-12T21:25:42 IST" name="Default suite" finished-at="2024-08-12T21:25:47 IST" duration-ms="4941">
    <groups>
    </groups>
    <test started-at="2024-08-12T21:25:42 IST" name="Default test" finished-at="2024-08-12T21:25:47 IST" duration-ms="4941">
      <class name="TestPackage.Logintest">
        <test-method is-config="true" signature="before()[pri:0, instance:TestPackage.Logintest@13e344d]" started-at="2024-08-12T21:25:42 IST" name="before" finished-at="2024-08-12T21:25:45 IST" duration-ms="3621" status="PASS">
          <reporter-output>
          </reporter-output>
        </test-method> <!-- before -->
        <test-method signature="logititlecheck()[pri:1, instance:TestPackage.Logintest@13e344d]" started-at="2024-08-12T21:25:45 IST" name="logititlecheck" finished-at="2024-08-12T21:25:45 IST" duration-ms="20" status="PASS">
          <reporter-output>
          </reporter-output>
        </test-method> <!-- logititlecheck -->
        <test-method signature="login()[pri:2, instance:TestPackage.Logintest@13e344d]" started-at="2024-08-12T21:25:45 IST" name="login" finished-at="2024-08-12T21:25:47 IST" duration-ms="1141" status="PASS">
          <reporter-output>
          </reporter-output>
        </test-method> <!-- login -->
        <test-method is-config="true" signature="after()[pri:0, instance:TestPackage.Logintest@13e344d]" started-at="2024-08-12T21:25:47 IST" name="after" finished-at="2024-08-12T21:25:47 IST" duration-ms="129" status="PASS">
          <reporter-output>
          </reporter-output>
        </test-method> <!-- after -->
      </class> <!-- TestPackage.Logintest -->
    </test> <!-- Default test -->
  </suite> <!-- Default suite -->
</testng-results>
